2019-07-14T08:45:29+09:00 [DEBUG] [myLogger] My second message.
2019-07-14T08:45:29+09:00 [INFO ] [myLogger] My third message.
2019-07-14T08:45:29+09:00 [WARN ] [myLogger] My fourth message.
2019-07-14T08:45:29+09:00 [ERROR] [myLogger] My fifth message.
2019-07-14T08:45:29+09:00 [FATAL] [myLogger] My sixth message.
2019-07-14T08:46:16+09:00 [DEBUG] [myLogger] My second message.
2019-07-14T08:46:16+09:00 [INFO ] [myLogger] My third message.
2019-07-14T08:46:16+09:00 [WARN ] [myLogger] My fourth message.
2019-07-14T08:46:16+09:00 [ERROR] [myLogger] My fifth message.
2019-07-14T08:46:16+09:00 [FATAL] [myLogger] My sixth message.
2019-07-14T08:47:10+09:00 [DEBUG] [myLogger] My second message.
2019-07-14T08:47:10+09:00 [INFO ] [myLogger] My third message.
2019-07-14T08:47:10+09:00 [WARN ] [myLogger] My fourth message.
2019-07-14T08:47:10+09:00 [ERROR] [myLogger] My fifth message.
2019-07-14T08:47:10+09:00 [FATAL] [myLogger] My sixth message.
2019-07-14T08:48:09+09:00 [DEBUG] [myLogger] My second message.
2019-07-14T08:48:09+09:00 [INFO ] [myLogger] My third message.
2019-07-14T08:48:09+09:00 [WARN ] [myLogger] My fourth message.
2019-07-14T08:48:09+09:00 [ERROR] [myLogger] My fifth message.
2019-07-14T08:48:09+09:00 [FATAL] [myLogger] My sixth message.
2019-07-14T08:48:56+09:00 [DEBUG] [myLogger] My second message.
2019-07-14T08:48:56+09:00 [INFO ] [myLogger] My third message.
2019-07-14T08:48:56+09:00 [WARN ] [myLogger] My fourth message.
2019-07-14T08:48:56+09:00 [ERROR] [myLogger] My fifth message.
2019-07-14T08:48:56+09:00 [FATAL] [myLogger] My sixth message.
2019-07-14T08:51:35+09:00 [DEBUG] [myLogger] My second message.
2019-07-14T08:51:35+09:00 [INFO ] [myLogger] My third message.
2019-07-14T08:51:35+09:00 [WARN ] [myLogger] My fourth message.
2019-07-14T08:51:35+09:00 [ERROR] [myLogger] My fifth message.
2019-07-14T08:51:35+09:00 [FATAL] [myLogger] My sixth message.
2019-07-14T08:51:58+09:00 [DEBUG] [myLogger] My second message.
2019-07-14T08:51:58+09:00 [INFO ] [myLogger] My third message.
2019-07-14T08:51:58+09:00 [WARN ] [myLogger] My fourth message.
2019-07-14T08:51:58+09:00 [ERROR] [myLogger] My fifth message.
2019-07-14T08:51:58+09:00 [FATAL] [myLogger] My sixth message.
2019-07-14T08:52:00+09:00 [DEBUG] [myLogger] My second message.
2019-07-14T08:52:00+09:00 [INFO ] [myLogger] My third message.
2019-07-14T08:52:00+09:00 [WARN ] [myLogger] My fourth message.
2019-07-14T08:52:00+09:00 [ERROR] [myLogger] My fifth message.
2019-07-14T08:52:00+09:00 [FATAL] [myLogger] My sixth message.
2019-07-14T08:52:14+09:00 [DEBUG] [myLogger] My second message.
2019-07-14T08:52:14+09:00 [INFO ] [myLogger] My third message.
2019-07-14T08:52:14+09:00 [WARN ] [myLogger] My fourth message.
2019-07-14T08:52:14+09:00 [ERROR] [myLogger] My fifth message.
2019-07-14T08:52:14+09:00 [FATAL] [myLogger] My sixth message.
2019-07-14T08:52:51+09:00 [DEBUG] [myLogger] My second message.
2019-07-14T08:52:51+09:00 [INFO ] [myLogger] My third message.
2019-07-14T08:52:51+09:00 [WARN ] [myLogger] My fourth message.
2019-07-14T08:52:51+09:00 [ERROR] [myLogger] My fifth message.
2019-07-14T08:52:51+09:00 [FATAL] [myLogger] My sixth message.
