2019-07-13T22:07:28+09:00 [myLogger] My fourth message.
2019-07-13T22:07:28+09:00 [myLogger] My fifth message.
2019-07-13T22:07:28+09:00 [myLogger] My sixth message.
2019-07-13T22:12:38+09:00 [myLogger] My fourth message.
2019-07-13T22:12:38+09:00 [myLogger] My fifth message.
2019-07-13T22:12:38+09:00 [myLogger] My sixth message.
2019-07-13T22:33:04+09:00 [myLogger] My fourth message.
2019-07-13T22:33:04+09:00 [myLogger] My fifth message.
2019-07-13T22:33:04+09:00 [myLogger] My sixth message.
2019-07-13T22:42:03+09:00 [myLogger] My fourth message.
2019-07-13T22:42:03+09:00 [myLogger] My fifth message.
2019-07-13T22:42:03+09:00 [myLogger] My sixth message.
2019-07-13T22:44:12+09:00 [myLogger] My fourth message.
2019-07-13T22:44:12+09:00 [myLogger] My fifth message.
2019-07-13T22:44:12+09:00 [myLogger] My sixth message.
2019-07-13T22:46:28+09:00 [myLogger] My fourth message.
2019-07-13T22:46:28+09:00 [myLogger] My fifth message.
2019-07-13T22:46:28+09:00 [myLogger] My sixth message.
2019-07-13T22:46:53+09:00 [myLogger] My fourth message.
2019-07-13T22:46:53+09:00 [myLogger] My fifth message.
2019-07-13T22:46:53+09:00 [myLogger] My sixth message.
2019-07-13T22:46:53+09:00 [myLogger] My fourth message.
2019-07-13T22:46:53+09:00 [myLogger] My fifth message.
2019-07-13T22:46:53+09:00 [myLogger] My sixth message.
2019-07-13T22:46:53+09:00 [myLogger] My fourth message.
2019-07-13T22:46:53+09:00 [myLogger] My fifth message.
2019-07-13T22:46:53+09:00 [myLogger] My sixth message.
2019-07-13T22:46:53+09:00 [myLogger] My fourth message.
2019-07-13T22:46:53+09:00 [myLogger] My fifth message.
2019-07-13T22:46:53+09:00 [myLogger] My sixth message.
2019-07-14T08:45:29+09:00 [myLogger] My second message.
2019-07-14T08:45:29+09:00 [myLogger] My third message.
2019-07-14T08:45:29+09:00 [myLogger] My fourth message.
2019-07-14T08:45:29+09:00 [myLogger] My fifth message.
2019-07-14T08:45:29+09:00 [myLogger] My sixth message.
2019-07-14T08:46:16+09:00 [myLogger] My second message.
2019-07-14T08:46:16+09:00 [myLogger] My third message.
2019-07-14T08:46:16+09:00 [myLogger] My fourth message.
2019-07-14T08:46:16+09:00 [myLogger] My fifth message.
2019-07-14T08:46:16+09:00 [myLogger] My sixth message.
2019-07-14T08:47:10+09:00 [myLogger] My second message.
2019-07-14T08:47:10+09:00 [myLogger] My third message.
2019-07-14T08:47:10+09:00 [myLogger] My fourth message.
2019-07-14T08:47:10+09:00 [myLogger] My fifth message.
2019-07-14T08:47:10+09:00 [myLogger] My sixth message.
2019-07-14T08:48:09+09:00 [myLogger] My second message.
2019-07-14T08:48:09+09:00 [myLogger] My third message.
2019-07-14T08:48:09+09:00 [myLogger] My fourth message.
2019-07-14T08:48:09+09:00 [myLogger] My fifth message.
2019-07-14T08:48:09+09:00 [myLogger] My sixth message.
2019-07-14T08:48:56+09:00 [myLogger] My second message.
2019-07-14T08:48:56+09:00 [myLogger] My third message.
2019-07-14T08:48:56+09:00 [myLogger] My fourth message.
2019-07-14T08:48:56+09:00 [myLogger] My fifth message.
2019-07-14T08:48:56+09:00 [myLogger] My sixth message.
2019-07-14T08:51:35+09:00 [myLogger] My second message.
2019-07-14T08:51:35+09:00 [myLogger] My third message.
2019-07-14T08:51:35+09:00 [myLogger] My fourth message.
2019-07-14T08:51:35+09:00 [myLogger] My fifth message.
2019-07-14T08:51:35+09:00 [myLogger] My sixth message.
2019-07-14T08:51:58+09:00 [myLogger] My second message.
2019-07-14T08:51:58+09:00 [myLogger] My third message.
2019-07-14T08:51:58+09:00 [myLogger] My fourth message.
2019-07-14T08:51:58+09:00 [myLogger] My fifth message.
2019-07-14T08:51:58+09:00 [myLogger] My sixth message.
2019-07-14T08:52:00+09:00 [myLogger] My second message.
2019-07-14T08:52:00+09:00 [myLogger] My third message.
2019-07-14T08:52:00+09:00 [myLogger] My fourth message.
2019-07-14T08:52:00+09:00 [myLogger] My fifth message.
2019-07-14T08:52:00+09:00 [myLogger] My sixth message.
2019-07-14T08:52:14+09:00 [myLogger] My second message.
2019-07-14T08:52:14+09:00 [myLogger] My third message.
2019-07-14T08:52:14+09:00 [myLogger] My fourth message.
2019-07-14T08:52:14+09:00 [myLogger] My fifth message.
2019-07-14T08:52:14+09:00 [myLogger] My sixth message.
2019-07-14T08:52:51+09:00 [myLogger] My second message.
2019-07-14T08:52:51+09:00 [myLogger] My third message.
2019-07-14T08:52:51+09:00 [myLogger] My fourth message.
2019-07-14T08:52:51+09:00 [myLogger] My fifth message.
2019-07-14T08:52:51+09:00 [myLogger] My sixth message.
2019-07-16T22:54:40+09:00 [myLogger] My second message.
2019-07-16T22:54:40+09:00 [myLogger] My third message.
2019-07-16T22:54:40+09:00 [myLogger] My fourth message.
2019-07-16T22:54:40+09:00 [myLogger] My fifth message.
2019-07-16T22:54:40+09:00 [myLogger] My sixth message.
2019-07-16T23:08:49+09:00 [myLogger] My second message.
2019-07-16T23:08:49+09:00 [myLogger] My third message.
2019-07-16T23:08:49+09:00 [myLogger] My fourth message.
2019-07-16T23:08:49+09:00 [myLogger] My fifth message.
2019-07-16T23:08:49+09:00 [myLogger] My sixth message.
2019-07-16T23:36:23+09:00 [myLogger] My second message.
2019-07-16T23:36:23+09:00 [myLogger] My third message.
2019-07-16T23:36:23+09:00 [myLogger] My fourth message.
2019-07-16T23:36:23+09:00 [myLogger] My fifth message.
2019-07-16T23:36:23+09:00 [myLogger] My sixth message.
2019-07-16T23:46:59+09:00 [myLogger] My second message.
2019-07-16T23:46:59+09:00 [myLogger] My third message.
2019-07-16T23:46:59+09:00 [myLogger] My fourth message.
2019-07-16T23:46:59+09:00 [myLogger] My fifth message.
2019-07-16T23:46:59+09:00 [myLogger] My sixth message.
